<?xml version="1.0" encoding="UTF-8"?>
<testsuite xmlns:xsi="http://www.w3.org/2001/XMLSchema-instance" xsi:noNamespaceSchemaLocation="https://maven.apache.org/surefire/maven-surefire-plugin/xsd/surefire-test-report.xsd" name="com.customertest.rest.CustomerControllerTest" time="5.114" tests="6" errors="5" skipped="0" failures="0">
  <properties>
[...]
</properties>
  <testcase name="testGetCustomerById" classname="com.customertest.rest.CustomerControllerTest" time="2.846">
    <error message="I/O error on GET request for &quot;http://localhost:8080/customers/getbyid/1&quot;: Connection refused: connect; nested exception is java.net.ConnectException: Connection refused: connect" type="org.springframework.web.client.ResourceAccessException">org.springframework.web.client.ResourceAccessException: I/O error on GET request for "http://localhost:8080/customers/getbyid/1": Connection refused: connect; nested exception is java.net.ConnectException: Connection refused: connect
	at com.customertest.rest.CustomerControllerTest.testGetCustomerById(CustomerControllerTest.java:77)
Caused by: java.net.ConnectException: Connection refused: connect
	at com.customertest.rest.CustomerControllerTest.testGetCustomerById(CustomerControllerTest.java:77)
</error>
    <system-out><![CDATA[15:33:14.464 [main] DEBUG org.springframework.web.client.RestTemplate - Created GET request for "http://localhost:8080/customers/getbyid/1"
15:33:14.487 [main] DEBUG org.springframework.web.client.RestTemplate - Setting request Accept header to [text/plain, application/json, application/*+json, */*]
]]></system-out>
  </testcase>
  <testcase name="testGetAllCustomer" classname="com.customertest.rest.CustomerControllerTest" time="2.018">
    <error message="I/O error on GET request for &quot;http://localhost:8080/customers/&quot;: Connection refused: connect; nested exception is java.net.ConnectException: Connection refused: connect" type="org.springframework.web.client.ResourceAccessException">org.springframework.web.client.ResourceAccessException: I/O error on GET request for "http://localhost:8080/customers/": Connection refused: connect; nested exception is java.net.ConnectException: Connection refused: connect
	at com.customertest.rest.CustomerControllerTest.testGetAllCustomer(CustomerControllerTest.java:63)
Caused by: java.net.ConnectException: Connection refused: connect
	at com.customertest.rest.CustomerControllerTest.testGetAllCustomer(CustomerControllerTest.java:63)
</error>
    <system-out><![CDATA[15:33:16.530 [main] DEBUG org.springframework.web.client.RestTemplate - Created GET request for "http://localhost:8080/customers/"
15:33:16.531 [main] DEBUG org.springframework.web.client.RestTemplate - Setting request Accept header to [text/plain, application/json, application/*+json, */*]
]]></system-out>
  </testcase>
  <testcase name="testUpdateCustomer" classname="com.customertest.rest.CustomerControllerTest" time="0.009">
    <error type="java.lang.NullPointerException">java.lang.NullPointerException
	at com.customertest.rest.CustomerControllerTest.testUpdateCustomer(CustomerControllerTest.java:98)
</error>
  </testcase>
  <testcase name="testCreateCustomer" classname="com.customertest.rest.CustomerControllerTest" time="0">
    <error type="java.lang.NullPointerException">java.lang.NullPointerException
	at com.customertest.rest.CustomerControllerTest.testCreateCustomer(CustomerControllerTest.java:90)
</error>
  </testcase>
  <testcase name="contextLoads" classname="com.customertest.rest.CustomerControllerTest" time="0.001"/>
  <testcase name="testDeleteCustomer" classname="com.customertest.rest.CustomerControllerTest" time="0">
    <error type="java.lang.NullPointerException">java.lang.NullPointerException
	at com.customertest.rest.CustomerControllerTest.testDeleteCustomer(CustomerControllerTest.java:110)
</error>
  </testcase>
</testsuite>